<?xml version="1.0" encoding="UTF-8"?>
<!-- Generated by org.testng.reporters.JUnitReportReporter -->
<testsuite hostname="sripriya" failures="0" tests="2" name="letsshopwebapplication.tests.Errorvalidation" time="11.335" errors="0" timestamp="2024-02-09T16:26:55 IST" skipped="0">
  <testcase classname="letsshopwebapplication.tests.Errorvalidation" name="loginErrorValidation" time="4.685"/>
  <testcase classname="letsshopwebapplication.tests.Errorvalidation" name="ProductErrorValidation" time="6.650"/>
</testsuite> <!-- letsshopwebapplication.tests.Errorvalidation -->
