<?xml version="1.0" encoding="UTF-8"?>
<!-- Generated by org.testng.reporters.JUnitReportReporter -->
<testsuite hostname="sripriya" failures="0" tests="1" name="letsshopwebapplication.tests.StandAloneTest" time="17.688" errors="0" timestamp="2024-02-09T15:07:41 IST" skipped="0">
  <testcase classname="letsshopwebapplication.tests.StandAloneTest" name="submitOrder" time="17.688"/>
</testsuite> <!-- letsshopwebapplication.tests.StandAloneTest -->
