<?xml version="1.0" encoding="UTF-8"?>
<!-- Generated by org.testng.reporters.JUnitReportReporter -->
<testsuite hostname="sripriya" failures="0" tests="3" name="letsshopwebapplication.tests.SubmitOrderTest" time="47.685" errors="0" timestamp="2024-02-21T11:51:50 IST" skipped="0">
  <testcase classname="letsshopwebapplication.tests.SubmitOrderTest" name="submitOrder" time="21.849"/>
  <testcase classname="letsshopwebapplication.tests.SubmitOrderTest" name="orderHistoryTest" time="5.028"/>
  <testcase classname="letsshopwebapplication.tests.SubmitOrderTest" name="submitOrder" time="20.808"/>
</testsuite> <!-- letsshopwebapplication.tests.SubmitOrderTest -->
