<?xml version="1.0" encoding="UTF-8"?>
<!-- Generated by org.testng.reporters.JUnitReportReporter -->
<testsuite hostname="sripriya" failures="0" tests="2" name="letsshopwebapplication.tests.ErrorvalidationsTest" time="24.076" errors="0" timestamp="2024-02-22T09:25:47 IST" skipped="0">
  <testcase classname="letsshopwebapplication.tests.ErrorvalidationsTest" name="loginErrorValidation" time="11.595"/>
  <testcase classname="letsshopwebapplication.tests.ErrorvalidationsTest" name="ProductErrorValidation" time="12.481"/>
</testsuite> <!-- letsshopwebapplication.tests.ErrorvalidationsTest -->
